[01:07:36] [Thread-304/INFO]: UUID of player Koi is 07946ff9-6914-3d1e-ad20-1fb9707fe775
[01:07:36] [Server thread/ERROR]: Could not pass event PlayerJoinEvent to IPortal v1.13
org.bukkit.event.EventException: null
	at org.bukkit.plugin.java.JavaPluginLoader$1.execute(JavaPluginLoader.java:302) ~[patched_1.8.8.jar:git-PaperSpigot-445]
	at co.aikar.timings.TimedEventExecutor.execute(TimedEventExecutor.java:78) ~[patched_1.8.8.jar:git-PaperSpigot-445]
	at org.bukkit.plugin.RegisteredListener.callEvent(RegisteredListener.java:62) ~[patched_1.8.8.jar:git-PaperSpigot-445]
	at org.bukkit.plugin.SimplePluginManager.fireEvent(SimplePluginManager.java:517) [patched_1.8.8.jar:git-PaperSpigot-445]
	at org.bukkit.plugin.SimplePluginManager.callEvent(SimplePluginManager.java:502) [patched_1.8.8.jar:git-PaperSpigot-445]
	at net.minecraft.server.v1_8_R3.PlayerList.onPlayerJoin(PlayerList.java:314) [patched_1.8.8.jar:git-PaperSpigot-445]
	at net.minecraft.server.v1_8_R3.PlayerList.a(PlayerList.java:173) [patched_1.8.8.jar:git-PaperSpigot-445]
	at net.minecraft.server.v1_8_R3.LoginListener.b(LoginListener.java:144) [patched_1.8.8.jar:git-PaperSpigot-445]
	at net.minecraft.server.v1_8_R3.LoginListener.c(LoginListener.java:54) [patched_1.8.8.jar:git-PaperSpigot-445]
	at net.minecraft.server.v1_8_R3.NetworkManager.a(NetworkManager.java:231) [patched_1.8.8.jar:git-PaperSpigot-445]
	at net.minecraft.server.v1_8_R3.ServerConnection.c(ServerConnection.java:148) [patched_1.8.8.jar:git-PaperSpigot-445]
	at net.minecraft.server.v1_8_R3.MinecraftServer.B(MinecraftServer.java:875) [patched_1.8.8.jar:git-PaperSpigot-445]
	at net.minecraft.server.v1_8_R3.DedicatedServer.B(DedicatedServer.java:378) [patched_1.8.8.jar:git-PaperSpigot-445]
	at net.minecraft.server.v1_8_R3.MinecraftServer.A(MinecraftServer.java:713) [patched_1.8.8.jar:git-PaperSpigot-445]
	at net.minecraft.server.v1_8_R3.MinecraftServer.run(MinecraftServer.java:616) [patched_1.8.8.jar:git-PaperSpigot-445]
	at java.lang.Thread.run(Thread.java:750) [?:1.8.0_402]
Caused by: java.lang.NoSuchFieldError: NETHER_PORTAL
	at me.minebuilders.portal.listeners.PortalListener.onPlayerjoin(PortalListener.java:97) ~[?:?]
	at sun.reflect.GeneratedMethodAccessor153.invoke(Unknown Source) ~[?:?]
	at sun.reflect.DelegatingMethodAccessorImpl.invoke(DelegatingMethodAccessorImpl.java:43) ~[?:1.8.0_402]
	at java.lang.reflect.Method.invoke(Method.java:498) ~[?:1.8.0_402]
	at org.bukkit.plugin.java.JavaPluginLoader$1.execute(JavaPluginLoader.java:300) ~[patched_1.8.8.jar:git-PaperSpigot-445]
	... 15 more
[01:07:36] [Server thread/INFO]: Koi[/127.0.0.1:34378] logged in with entity id 927979 at ([world]-312.4796311571991, 4.0, -26.556807345756223)
[01:07:52] [Server thread/INFO]: [@: Title command successfully executed]
[01:07:59] [Server thread/INFO]: Koi issued server command: /gamemode c
[01:09:34] [Server thread/INFO]: [@: Title command successfully executed]
[01:09:36] [Server thread/INFO]: Koi lost connection: Disconnected
[01:09:36] [Server thread/INFO]: Koi left the game.
[01:25:42] [Thread-305/INFO]: UUID of player Koi is 07946ff9-6914-3d1e-ad20-1fb9707fe775
[01:25:42] [Server thread/ERROR]: Could not pass event PlayerJoinEvent to IPortal v1.13
org.bukkit.event.EventException: null
	at org.bukkit.plugin.java.JavaPluginLoader$1.execute(JavaPluginLoader.java:302) ~[patched_1.8.8.jar:git-PaperSpigot-445]
	at co.aikar.timings.TimedEventExecutor.execute(TimedEventExecutor.java:78) ~[patched_1.8.8.jar:git-PaperSpigot-445]
	at org.bukkit.plugin.RegisteredListener.callEvent(RegisteredListener.java:62) ~[patched_1.8.8.jar:git-PaperSpigot-445]
	at org.bukkit.plugin.SimplePluginManager.fireEvent(SimplePluginManager.java:517) [patched_1.8.8.jar:git-PaperSpigot-445]
	at org.bukkit.plugin.SimplePluginManager.callEvent(SimplePluginManager.java:502) [patched_1.8.8.jar:git-PaperSpigot-445]
	at net.minecraft.server.v1_8_R3.PlayerList.onPlayerJoin(PlayerList.java:314) [patched_1.8.8.jar:git-PaperSpigot-445]
	at net.minecraft.server.v1_8_R3.PlayerList.a(PlayerList.java:173) [patched_1.8.8.jar:git-PaperSpigot-445]
	at net.minecraft.server.v1_8_R3.LoginListener.b(LoginListener.java:144) [patched_1.8.8.jar:git-PaperSpigot-445]
	at net.minecraft.server.v1_8_R3.LoginListener.c(LoginListener.java:54) [patched_1.8.8.jar:git-PaperSpigot-445]
	at net.minecraft.server.v1_8_R3.NetworkManager.a(NetworkManager.java:231) [patched_1.8.8.jar:git-PaperSpigot-445]
	at net.minecraft.server.v1_8_R3.ServerConnection.c(ServerConnection.java:148) [patched_1.8.8.jar:git-PaperSpigot-445]
	at net.minecraft.server.v1_8_R3.MinecraftServer.B(MinecraftServer.java:875) [patched_1.8.8.jar:git-PaperSpigot-445]
	at net.minecraft.server.v1_8_R3.DedicatedServer.B(DedicatedServer.java:378) [patched_1.8.8.jar:git-PaperSpigot-445]
	at net.minecraft.server.v1_8_R3.MinecraftServer.A(MinecraftServer.java:713) [patched_1.8.8.jar:git-PaperSpigot-445]
	at net.minecraft.server.v1_8_R3.MinecraftServer.run(MinecraftServer.java:616) [patched_1.8.8.jar:git-PaperSpigot-445]
	at java.lang.Thread.run(Thread.java:750) [?:1.8.0_402]
Caused by: java.lang.NoSuchFieldError: NETHER_PORTAL
	at me.minebuilders.portal.listeners.PortalListener.onPlayerjoin(PortalListener.java:97) ~[?:?]
	at sun.reflect.GeneratedMethodAccessor153.invoke(Unknown Source) ~[?:?]
	at sun.reflect.DelegatingMethodAccessorImpl.invoke(DelegatingMethodAccessorImpl.java:43) ~[?:1.8.0_402]
	at java.lang.reflect.Method.invoke(Method.java:498) ~[?:1.8.0_402]
	at org.bukkit.plugin.java.JavaPluginLoader$1.execute(JavaPluginLoader.java:300) ~[patched_1.8.8.jar:git-PaperSpigot-445]
	... 15 more
[01:25:42] [Server thread/INFO]: Koi[/127.0.0.1:56594] logged in with entity id 948965 at ([world]-312.4796311571991, 4.0, -26.556807345756223)
[01:25:50] [Server thread/INFO]: [@: Title command successfully executed]
[01:26:02] [Server thread/INFO]: Koi issued server command: /gamemode c
[01:26:06] [Server thread/INFO]: Koi lost connection: Disconnected
[01:26:06] [Server thread/INFO]: Koi left the game.
[01:51:35] [Thread-307/INFO]: UUID of player GolemDaWanderer is e8de36e0-d4b2-315e-8c5d-b2baec5db3bf
[01:51:35] [Server thread/ERROR]: Could not pass event PlayerJoinEvent to IPortal v1.13
org.bukkit.event.EventException: null
	at org.bukkit.plugin.java.JavaPluginLoader$1.execute(JavaPluginLoader.java:302) ~[patched_1.8.8.jar:git-PaperSpigot-445]
	at co.aikar.timings.TimedEventExecutor.execute(TimedEventExecutor.java:78) ~[patched_1.8.8.jar:git-PaperSpigot-445]
	at org.bukkit.plugin.RegisteredListener.callEvent(RegisteredListener.java:62) ~[patched_1.8.8.jar:git-PaperSpigot-445]
	at org.bukkit.plugin.SimplePluginManager.fireEvent(SimplePluginManager.java:517) [patched_1.8.8.jar:git-PaperSpigot-445]
	at org.bukkit.plugin.SimplePluginManager.callEvent(SimplePluginManager.java:502) [patched_1.8.8.jar:git-PaperSpigot-445]
	at net.minecraft.server.v1_8_R3.PlayerList.onPlayerJoin(PlayerList.java:314) [patched_1.8.8.jar:git-PaperSpigot-445]
	at net.minecraft.server.v1_8_R3.PlayerList.a(PlayerList.java:173) [patched_1.8.8.jar:git-PaperSpigot-445]
	at net.minecraft.server.v1_8_R3.LoginListener.b(LoginListener.java:144) [patched_1.8.8.jar:git-PaperSpigot-445]
	at net.minecraft.server.v1_8_R3.LoginListener.c(LoginListener.java:54) [patched_1.8.8.jar:git-PaperSpigot-445]
	at net.minecraft.server.v1_8_R3.NetworkManager.a(NetworkManager.java:231) [patched_1.8.8.jar:git-PaperSpigot-445]
	at net.minecraft.server.v1_8_R3.ServerConnection.c(ServerConnection.java:148) [patched_1.8.8.jar:git-PaperSpigot-445]
	at net.minecraft.server.v1_8_R3.MinecraftServer.B(MinecraftServer.java:875) [patched_1.8.8.jar:git-PaperSpigot-445]
	at net.minecraft.server.v1_8_R3.DedicatedServer.B(DedicatedServer.java:378) [patched_1.8.8.jar:git-PaperSpigot-445]
	at net.minecraft.server.v1_8_R3.MinecraftServer.A(MinecraftServer.java:713) [patched_1.8.8.jar:git-PaperSpigot-445]
	at net.minecraft.server.v1_8_R3.MinecraftServer.run(MinecraftServer.java:616) [patched_1.8.8.jar:git-PaperSpigot-445]
	at java.lang.Thread.run(Thread.java:750) [?:1.8.0_402]
Caused by: java.lang.NoSuchFieldError: NETHER_PORTAL
	at me.minebuilders.portal.listeners.PortalListener.onPlayerjoin(PortalListener.java:97) ~[?:?]
	at sun.reflect.GeneratedMethodAccessor153.invoke(Unknown Source) ~[?:?]
	at sun.reflect.DelegatingMethodAccessorImpl.invoke(DelegatingMethodAccessorImpl.java:43) ~[?:1.8.0_402]
	at java.lang.reflect.Method.invoke(Method.java:498) ~[?:1.8.0_402]
	at org.bukkit.plugin.java.JavaPluginLoader$1.execute(JavaPluginLoader.java:300) ~[patched_1.8.8.jar:git-PaperSpigot-445]
	... 15 more
[01:51:35] [Server thread/INFO]: GolemDaWanderer[/127.0.0.1:34120] logged in with entity id 949010 at ([world]-312.4796311571991, 4.0, -26.556807345756223)
[01:51:41] [Server thread/INFO]: [@: Title command successfully executed]
[01:51:44] [Server thread/INFO]: GolemDaWanderer lost connection: Disconnected
[01:51:44] [Server thread/INFO]: GolemDaWanderer left the game.
[02:11:19] [Thread-309/INFO]: UUID of player xcpc is 17642ce9-92a4-3f8d-8872-8b5a03c49ec5
[02:11:19] [Server thread/ERROR]: Could not pass event PlayerJoinEvent to IPortal v1.13
org.bukkit.event.EventException: null
	at org.bukkit.plugin.java.JavaPluginLoader$1.execute(JavaPluginLoader.java:302) ~[patched_1.8.8.jar:git-PaperSpigot-445]
	at co.aikar.timings.TimedEventExecutor.execute(TimedEventExecutor.java:78) ~[patched_1.8.8.jar:git-PaperSpigot-445]
	at org.bukkit.plugin.RegisteredListener.callEvent(RegisteredListener.java:62) ~[patched_1.8.8.jar:git-PaperSpigot-445]
	at org.bukkit.plugin.SimplePluginManager.fireEvent(SimplePluginManager.java:517) [patched_1.8.8.jar:git-PaperSpigot-445]
	at org.bukkit.plugin.SimplePluginManager.callEvent(SimplePluginManager.java:502) [patched_1.8.8.jar:git-PaperSpigot-445]
	at net.minecraft.server.v1_8_R3.PlayerList.onPlayerJoin(PlayerList.java:314) [patched_1.8.8.jar:git-PaperSpigot-445]
	at net.minecraft.server.v1_8_R3.PlayerList.a(PlayerList.java:173) [patched_1.8.8.jar:git-PaperSpigot-445]
	at net.minecraft.server.v1_8_R3.LoginListener.b(LoginListener.java:144) [patched_1.8.8.jar:git-PaperSpigot-445]
	at net.minecraft.server.v1_8_R3.LoginListener.c(LoginListener.java:54) [patched_1.8.8.jar:git-PaperSpigot-445]
	at net.minecraft.server.v1_8_R3.NetworkManager.a(NetworkManager.java:231) [patched_1.8.8.jar:git-PaperSpigot-445]
	at net.minecraft.server.v1_8_R3.ServerConnection.c(ServerConnection.java:148) [patched_1.8.8.jar:git-PaperSpigot-445]
	at net.minecraft.server.v1_8_R3.MinecraftServer.B(MinecraftServer.java:875) [patched_1.8.8.jar:git-PaperSpigot-445]
	at net.minecraft.server.v1_8_R3.DedicatedServer.B(DedicatedServer.java:378) [patched_1.8.8.jar:git-PaperSpigot-445]
	at net.minecraft.server.v1_8_R3.MinecraftServer.A(MinecraftServer.java:713) [patched_1.8.8.jar:git-PaperSpigot-445]
	at net.minecraft.server.v1_8_R3.MinecraftServer.run(MinecraftServer.java:616) [patched_1.8.8.jar:git-PaperSpigot-445]
	at java.lang.Thread.run(Thread.java:750) [?:1.8.0_402]
Caused by: java.lang.NoSuchFieldError: NETHER_PORTAL
	at me.minebuilders.portal.listeners.PortalListener.onPlayerjoin(PortalListener.java:97) ~[?:?]
	at sun.reflect.GeneratedMethodAccessor153.invoke(Unknown Source) ~[?:?]
	at sun.reflect.DelegatingMethodAccessorImpl.invoke(DelegatingMethodAccessorImpl.java:43) ~[?:1.8.0_402]
	at java.lang.reflect.Method.invoke(Method.java:498) ~[?:1.8.0_402]
	at org.bukkit.plugin.java.JavaPluginLoader$1.execute(JavaPluginLoader.java:300) ~[patched_1.8.8.jar:git-PaperSpigot-445]
	... 15 more
[02:11:19] [Server thread/INFO]: xcpc[/127.0.0.1:36134] logged in with entity id 954139 at ([world]-312.4796311571991, 4.0, -26.556807345756223)
[02:11:25] [Server thread/INFO]: [@: Title command successfully executed]
[02:11:28] [Server thread/INFO]: xcpc lost connection: Disconnected
[02:11:28] [Server thread/INFO]: xcpc left the game.
[02:27:23] [Thread-310/INFO]: UUID of player Char is ed29d03b-f01b-39dd-ab82-ac3b54f2c88b
[02:27:23] [Server thread/ERROR]: Could not pass event PlayerJoinEvent to IPortal v1.13
org.bukkit.event.EventException: null
	at org.bukkit.plugin.java.JavaPluginLoader$1.execute(JavaPluginLoader.java:302) ~[patched_1.8.8.jar:git-PaperSpigot-445]
	at co.aikar.timings.TimedEventExecutor.execute(TimedEventExecutor.java:78) ~[patched_1.8.8.jar:git-PaperSpigot-445]
	at org.bukkit.plugin.RegisteredListener.callEvent(RegisteredListener.java:62) ~[patched_1.8.8.jar:git-PaperSpigot-445]
	at org.bukkit.plugin.SimplePluginManager.fireEvent(SimplePluginManager.java:517) [patched_1.8.8.jar:git-PaperSpigot-445]
	at org.bukkit.plugin.SimplePluginManager.callEvent(SimplePluginManager.java:502) [patched_1.8.8.jar:git-PaperSpigot-445]
	at net.minecraft.server.v1_8_R3.PlayerList.onPlayerJoin(PlayerList.java:314) [patched_1.8.8.jar:git-PaperSpigot-445]
	at net.minecraft.server.v1_8_R3.PlayerList.a(PlayerList.java:173) [patched_1.8.8.jar:git-PaperSpigot-445]
	at net.minecraft.server.v1_8_R3.LoginListener.b(LoginListener.java:144) [patched_1.8.8.jar:git-PaperSpigot-445]
	at net.minecraft.server.v1_8_R3.LoginListener.c(LoginListener.java:54) [patched_1.8.8.jar:git-PaperSpigot-445]
	at net.minecraft.server.v1_8_R3.NetworkManager.a(NetworkManager.java:231) [patched_1.8.8.jar:git-PaperSpigot-445]
	at net.minecraft.server.v1_8_R3.ServerConnection.c(ServerConnection.java:148) [patched_1.8.8.jar:git-PaperSpigot-445]
	at net.minecraft.server.v1_8_R3.MinecraftServer.B(MinecraftServer.java:875) [patched_1.8.8.jar:git-PaperSpigot-445]
	at net.minecraft.server.v1_8_R3.DedicatedServer.B(DedicatedServer.java:378) [patched_1.8.8.jar:git-PaperSpigot-445]
	at net.minecraft.server.v1_8_R3.MinecraftServer.A(MinecraftServer.java:713) [patched_1.8.8.jar:git-PaperSpigot-445]
	at net.minecraft.server.v1_8_R3.MinecraftServer.run(MinecraftServer.java:616) [patched_1.8.8.jar:git-PaperSpigot-445]
	at java.lang.Thread.run(Thread.java:750) [?:1.8.0_402]
Caused by: java.lang.NoSuchFieldError: NETHER_PORTAL
	at me.minebuilders.portal.listeners.PortalListener.onPlayerjoin(PortalListener.java:97) ~[?:?]
	at sun.reflect.GeneratedMethodAccessor153.invoke(Unknown Source) ~[?:?]
	at sun.reflect.DelegatingMethodAccessorImpl.invoke(DelegatingMethodAccessorImpl.java:43) ~[?:1.8.0_402]
	at java.lang.reflect.Method.invoke(Method.java:498) ~[?:1.8.0_402]
	at org.bukkit.plugin.java.JavaPluginLoader$1.execute(JavaPluginLoader.java:300) ~[patched_1.8.8.jar:git-PaperSpigot-445]
	... 15 more
[02:27:23] [Server thread/INFO]: Char[/127.0.0.1:46834] logged in with entity id 959551 at ([world]-312.4796311571991, 4.0, -26.556807345756223)
[02:27:23] [Server thread/INFO]: [@: Title command successfully executed]
[02:27:26] [Server thread/INFO]: Char lost connection: Disconnected
[02:27:26] [Server thread/INFO]: The staff Char has left the server!
[03:49:38] [Thread-314/INFO]: UUID of player FrostYt is d7009d29-2877-3d95-8790-bc346b93cbde
[03:49:38] [Server thread/ERROR]: Could not pass event PlayerJoinEvent to IPortal v1.13
org.bukkit.event.EventException: null
	at org.bukkit.plugin.java.JavaPluginLoader$1.execute(JavaPluginLoader.java:302) ~[patched_1.8.8.jar:git-PaperSpigot-445]
	at co.aikar.timings.TimedEventExecutor.execute(TimedEventExecutor.java:78) ~[patched_1.8.8.jar:git-PaperSpigot-445]
	at org.bukkit.plugin.RegisteredListener.callEvent(RegisteredListener.java:62) ~[patched_1.8.8.jar:git-PaperSpigot-445]
	at org.bukkit.plugin.SimplePluginManager.fireEvent(SimplePluginManager.java:517) [patched_1.8.8.jar:git-PaperSpigot-445]
	at org.bukkit.plugin.SimplePluginManager.callEvent(SimplePluginManager.java:502) [patched_1.8.8.jar:git-PaperSpigot-445]
	at net.minecraft.server.v1_8_R3.PlayerList.onPlayerJoin(PlayerList.java:314) [patched_1.8.8.jar:git-PaperSpigot-445]
	at net.minecraft.server.v1_8_R3.PlayerList.a(PlayerList.java:173) [patched_1.8.8.jar:git-PaperSpigot-445]
	at net.minecraft.server.v1_8_R3.LoginListener.b(LoginListener.java:144) [patched_1.8.8.jar:git-PaperSpigot-445]
	at net.minecraft.server.v1_8_R3.LoginListener.c(LoginListener.java:54) [patched_1.8.8.jar:git-PaperSpigot-445]
	at net.minecraft.server.v1_8_R3.NetworkManager.a(NetworkManager.java:231) [patched_1.8.8.jar:git-PaperSpigot-445]
	at net.minecraft.server.v1_8_R3.ServerConnection.c(ServerConnection.java:148) [patched_1.8.8.jar:git-PaperSpigot-445]
	at net.minecraft.server.v1_8_R3.MinecraftServer.B(MinecraftServer.java:875) [patched_1.8.8.jar:git-PaperSpigot-445]
	at net.minecraft.server.v1_8_R3.DedicatedServer.B(DedicatedServer.java:378) [patched_1.8.8.jar:git-PaperSpigot-445]
	at net.minecraft.server.v1_8_R3.MinecraftServer.A(MinecraftServer.java:713) [patched_1.8.8.jar:git-PaperSpigot-445]
	at net.minecraft.server.v1_8_R3.MinecraftServer.run(MinecraftServer.java:616) [patched_1.8.8.jar:git-PaperSpigot-445]
	at java.lang.Thread.run(Thread.java:750) [?:1.8.0_402]
Caused by: java.lang.NoSuchFieldError: NETHER_PORTAL
	at me.minebuilders.portal.listeners.PortalListener.onPlayerjoin(PortalListener.java:97) ~[?:?]
	at sun.reflect.GeneratedMethodAccessor153.invoke(Unknown Source) ~[?:?]
	at sun.reflect.DelegatingMethodAccessorImpl.invoke(DelegatingMethodAccessorImpl.java:43) ~[?:1.8.0_402]
	at java.lang.reflect.Method.invoke(Method.java:498) ~[?:1.8.0_402]
	at org.bukkit.plugin.java.JavaPluginLoader$1.execute(JavaPluginLoader.java:300) ~[patched_1.8.8.jar:git-PaperSpigot-445]
	... 15 more
[03:49:38] [Server thread/INFO]: FrostYt[/97.69.160.158:47102] logged in with entity id 960981 at ([world]-312.4796311571991, 4.0, -26.556807345756223)
[03:50:04] [Server thread/INFO]: [@: Title command successfully executed]
[03:50:13] [Server thread/INFO]: FrostYt lost connection: Disconnected
[03:50:13] [Server thread/INFO]: FrostYt left the game.
[09:45:24] [Thread-327/INFO]: UUID of player BTC is 0a5b6dd8-f370-39c9-b3a0-78aee983ac06
[09:45:24] [Server thread/ERROR]: Could not pass event PlayerJoinEvent to IPortal v1.13
org.bukkit.event.EventException: null
	at org.bukkit.plugin.java.JavaPluginLoader$1.execute(JavaPluginLoader.java:302) ~[patched_1.8.8.jar:git-PaperSpigot-445]
	at co.aikar.timings.TimedEventExecutor.execute(TimedEventExecutor.java:78) ~[patched_1.8.8.jar:git-PaperSpigot-445]
	at org.bukkit.plugin.RegisteredListener.callEvent(RegisteredListener.java:62) ~[patched_1.8.8.jar:git-PaperSpigot-445]
	at org.bukkit.plugin.SimplePluginManager.fireEvent(SimplePluginManager.java:517) [patched_1.8.8.jar:git-PaperSpigot-445]
	at org.bukkit.plugin.SimplePluginManager.callEvent(SimplePluginManager.java:502) [patched_1.8.8.jar:git-PaperSpigot-445]
	at net.minecraft.server.v1_8_R3.PlayerList.onPlayerJoin(PlayerList.java:314) [patched_1.8.8.jar:git-PaperSpigot-445]
	at net.minecraft.server.v1_8_R3.PlayerList.a(PlayerList.java:173) [patched_1.8.8.jar:git-PaperSpigot-445]
	at net.minecraft.server.v1_8_R3.LoginListener.b(LoginListener.java:144) [patched_1.8.8.jar:git-PaperSpigot-445]
	at net.minecraft.server.v1_8_R3.LoginListener.c(LoginListener.java:54) [patched_1.8.8.jar:git-PaperSpigot-445]
	at net.minecraft.server.v1_8_R3.NetworkManager.a(NetworkManager.java:231) [patched_1.8.8.jar:git-PaperSpigot-445]
	at net.minecraft.server.v1_8_R3.ServerConnection.c(ServerConnection.java:148) [patched_1.8.8.jar:git-PaperSpigot-445]
	at net.minecraft.server.v1_8_R3.MinecraftServer.B(MinecraftServer.java:875) [patched_1.8.8.jar:git-PaperSpigot-445]
	at net.minecraft.server.v1_8_R3.DedicatedServer.B(DedicatedServer.java:378) [patched_1.8.8.jar:git-PaperSpigot-445]
	at net.minecraft.server.v1_8_R3.MinecraftServer.A(MinecraftServer.java:713) [patched_1.8.8.jar:git-PaperSpigot-445]
	at net.minecraft.server.v1_8_R3.MinecraftServer.run(MinecraftServer.java:616) [patched_1.8.8.jar:git-PaperSpigot-445]
	at java.lang.Thread.run(Thread.java:750) [?:1.8.0_402]
Caused by: java.lang.NoSuchFieldError: NETHER_PORTAL
	at me.minebuilders.portal.listeners.PortalListener.onPlayerjoin(PortalListener.java:97) ~[?:?]
	at sun.reflect.GeneratedMethodAccessor153.invoke(Unknown Source) ~[?:?]
	at sun.reflect.DelegatingMethodAccessorImpl.invoke(DelegatingMethodAccessorImpl.java:43) ~[?:1.8.0_402]
	at java.lang.reflect.Method.invoke(Method.java:498) ~[?:1.8.0_402]
	at org.bukkit.plugin.java.JavaPluginLoader$1.execute(JavaPluginLoader.java:300) ~[patched_1.8.8.jar:git-PaperSpigot-445]
	... 15 more
[09:45:24] [Server thread/INFO]: BTC[/127.0.0.1:48924] logged in with entity id 976719 at ([world]-312.4796311571991, 4.0, -26.556807345756223)
[09:45:34] [Server thread/INFO]: [@: Title command successfully executed]
[09:45:40] [Server thread/INFO]: [@: Title command successfully executed]
[09:45:48] [Server thread/INFO]: BTC lost connection: Disconnected
[09:45:48] [Server thread/INFO]: BTC left the game.
